<?xml version="1.0" encoding="UTF-8"?>
<testsuite xmlns:xsi="http://www.w3.org/2001/XMLSchema-instance" xsi:noNamespaceSchemaLocation="https://maven.apache.org/surefire/maven-surefire-plugin/xsd/surefire-test-report-3.0.xsd" version="3.0" name="TestSuite" time="78.292" tests="3" errors="0" skipped="0" failures="0">
  <properties>
    <property name="gopherProxySet" value="false"/>
    <property name="awt.toolkit" value="sun.lwawt.macosx.LWCToolkit"/>
    <property name="file.encoding.pkg" value="sun.io"/>
    <property name="java.specification.version" value="1.8"/>
    <property name="sun.cpu.isalist" value=""/>
    <property name="sun.jnu.encoding" value="UTF-8"/>
    <property name="java.class.path" value="/Users/nkapasi/AppiumFramework/target/test-classes:/Users/nkapasi/AppiumFramework/target/classes:/Users/nkapasi/.m2/repository/io/appium/java-client/7.4.1/java-client-7.4.1.jar:/Users/nkapasi/.m2/repository/org/seleniumhq/selenium/selenium-support/3.141.59/selenium-support-3.141.59.jar:/Users/nkapasi/.m2/repository/org/seleniumhq/selenium/selenium-api/3.141.59/selenium-api-3.141.59.jar:/Users/nkapasi/.m2/repository/com/google/code/gson/gson/2.8.6/gson-2.8.6.jar:/Users/nkapasi/.m2/repository/org/apache/httpcomponents/httpclient/4.5.13/httpclient-4.5.13.jar:/Users/nkapasi/.m2/repository/org/apache/httpcomponents/httpcore/4.4.13/httpcore-4.4.13.jar:/Users/nkapasi/.m2/repository/commons-codec/commons-codec/1.11/commons-codec-1.11.jar:/Users/nkapasi/.m2/repository/cglib/cglib/3.3.0/cglib-3.3.0.jar:/Users/nkapasi/.m2/repository/org/ow2/asm/asm/7.1/asm-7.1.jar:/Users/nkapasi/.m2/repository/org/springframework/spring-context/5.3.1/spring-context-5.3.1.jar:/Users/nkapasi/.m2/repository/org/springframework/spring-aop/5.3.1/spring-aop-5.3.1.jar:/Users/nkapasi/.m2/repository/org/springframework/spring-beans/5.3.1/spring-beans-5.3.1.jar:/Users/nkapasi/.m2/repository/org/springframework/spring-core/5.3.1/spring-core-5.3.1.jar:/Users/nkapasi/.m2/repository/org/springframework/spring-jcl/5.3.1/spring-jcl-5.3.1.jar:/Users/nkapasi/.m2/repository/org/springframework/spring-expression/5.3.1/spring-expression-5.3.1.jar:/Users/nkapasi/.m2/repository/org/aspectj/aspectjweaver/1.9.6/aspectjweaver-1.9.6.jar:/Users/nkapasi/.m2/repository/org/seleniumhq/selenium/selenium-java/3.141.59/selenium-java-3.141.59.jar:/Users/nkapasi/.m2/repository/org/seleniumhq/selenium/selenium-chrome-driver/3.141.59/selenium-chrome-driver-3.141.59.jar:/Users/nkapasi/.m2/repository/org/seleniumhq/selenium/selenium-edge-driver/3.141.59/selenium-edge-driver-3.141.59.jar:/Users/nkapasi/.m2/repository/org/seleniumhq/selenium/selenium-firefox-driver/3.141.59/selenium-firefox-driver-3.141.59.jar:/Users/nkapasi/.m2/repository/org/seleniumhq/selenium/selenium-ie-driver/3.141.59/selenium-ie-driver-3.141.59.jar:/Users/nkapasi/.m2/repository/org/seleniumhq/selenium/selenium-opera-driver/3.141.59/selenium-opera-driver-3.141.59.jar:/Users/nkapasi/.m2/repository/org/seleniumhq/selenium/selenium-remote-driver/3.141.59/selenium-remote-driver-3.141.59.jar:/Users/nkapasi/.m2/repository/org/seleniumhq/selenium/selenium-safari-driver/3.141.59/selenium-safari-driver-3.141.59.jar:/Users/nkapasi/.m2/repository/net/bytebuddy/byte-buddy/1.8.15/byte-buddy-1.8.15.jar:/Users/nkapasi/.m2/repository/org/apache/commons/commons-exec/1.3/commons-exec-1.3.jar:/Users/nkapasi/.m2/repository/com/google/guava/guava/25.0-jre/guava-25.0-jre.jar:/Users/nkapasi/.m2/repository/com/google/code/findbugs/jsr305/1.3.9/jsr305-1.3.9.jar:/Users/nkapasi/.m2/repository/org/checkerframework/checker-compat-qual/2.0.0/checker-compat-qual-2.0.0.jar:/Users/nkapasi/.m2/repository/com/google/errorprone/error_prone_annotations/2.1.3/error_prone_annotations-2.1.3.jar:/Users/nkapasi/.m2/repository/com/google/j2objc/j2objc-annotations/1.1/j2objc-annotations-1.1.jar:/Users/nkapasi/.m2/repository/org/codehaus/mojo/animal-sniffer-annotations/1.14/animal-sniffer-annotations-1.14.jar:/Users/nkapasi/.m2/repository/com/squareup/okhttp3/okhttp/3.11.0/okhttp-3.11.0.jar:/Users/nkapasi/.m2/repository/com/squareup/okio/okio/1.14.0/okio-1.14.0.jar:/Users/nkapasi/.m2/repository/org/testng/testng/7.3.0/testng-7.3.0.jar:/Users/nkapasi/.m2/repository/com/beust/jcommander/1.78/jcommander-1.78.jar:/Users/nkapasi/.m2/repository/org/apache/ant/ant/1.10.3/ant-1.10.3.jar:/Users/nkapasi/.m2/repository/org/apache/ant/ant-launcher/1.10.3/ant-launcher-1.10.3.jar:/Users/nkapasi/.m2/repository/junit/junit/4.12/junit-4.12.jar:/Users/nkapasi/.m2/repository/org/hamcrest/hamcrest-core/1.3/hamcrest-core-1.3.jar:/Users/nkapasi/.m2/repository/com/google/inject/guice/4.2.2/guice-4.2.2-no_aop.jar:/Users/nkapasi/.m2/repository/javax/inject/javax.inject/1/javax.inject-1.jar:/Users/nkapasi/.m2/repository/aopalliance/aopalliance/1.0/aopalliance-1.0.jar:/Users/nkapasi/.m2/repository/org/yaml/snakeyaml/1.21/snakeyaml-1.21.jar:/Users/nkapasi/.m2/repository/org/slf4j/slf4j-simple/1.8.0-beta4/slf4j-simple-1.8.0-beta4.jar:/Users/nkapasi/.m2/repository/org/slf4j/slf4j-api/1.7.30/slf4j-api-1.7.30.jar:/Users/nkapasi/.m2/repository/org/slf4j/slf4j-nop/1.7.25/slf4j-nop-1.7.25.jar:/Users/nkapasi/.m2/repository/org/apache/commons/commons-lang3/3.11/commons-lang3-3.11.jar:/Users/nkapasi/.m2/repository/commons-io/commons-io/2.8.0/commons-io-2.8.0.jar:/Users/nkapasi/.m2/repository/commons-validator/commons-validator/1.7/commons-validator-1.7.jar:/Users/nkapasi/.m2/repository/commons-beanutils/commons-beanutils/1.9.4/commons-beanutils-1.9.4.jar:/Users/nkapasi/.m2/repository/commons-digester/commons-digester/2.1/commons-digester-2.1.jar:/Users/nkapasi/.m2/repository/commons-collections/commons-collections/3.2.2/commons-collections-3.2.2.jar:/Users/nkapasi/.m2/repository/commons-logging/commons-logging/1.2/commons-logging-1.2.jar:/Users/nkapasi/.m2/repository/com/aventstack/extentreports/4.0.0/extentreports-4.0.0.jar:/Users/nkapasi/.m2/repository/org/freemarker/freemarker/2.3.23/freemarker-2.3.23.jar:/Users/nkapasi/.m2/repository/org/mongodb/mongodb-driver/3.3.0/mongodb-driver-3.3.0.jar:/Users/nkapasi/.m2/repository/org/mongodb/mongodb-driver-core/3.3.0/mongodb-driver-core-3.3.0.jar:/Users/nkapasi/.m2/repository/org/mongodb/bson/3.3.0/bson-3.3.0.jar:/Users/nkapasi/.m2/repository/org/apache/httpcomponents/httpmime/4.5.2/httpmime-4.5.2.jar:"/>
    <property name="java.vm.vendor" value="Oracle Corporation"/>
    <property name="deviceName" value="SamsungGalaxyS7API24"/>
    <property name="sun.arch.data.model" value="64"/>
    <property name="java.vendor.url" value="http://java.oracle.com/"/>
    <property name="user.timezone" value="America/New_York"/>
    <property name="java.vm.specification.version" value="1.8"/>
    <property name="os.name" value="Mac OS X"/>
    <property name="user.country" value="US"/>
    <property name="sun.java.launcher" value="SUN_STANDARD"/>
    <property name="sun.boot.library.path" value="/Library/Java/JavaVirtualMachines/jdk1.8.0_191.jdk/Contents/Home/jre/lib"/>
    <property name="sun.java.command" value="/Users/nkapasi/AppiumFramework/target/surefire/surefirebooter7376461576935581323.jar /Users/nkapasi/AppiumFramework/target/surefire 2021-02-15T22-00-30_039-jvmRun1 surefire4756225077867503328tmp surefire_04622150620597582837tmp"/>
    <property name="http.nonProxyHosts" value="local|*.local|169.254/16|*.169.254/16"/>
    <property name="surefire.test.class.path" value="/Users/nkapasi/AppiumFramework/target/test-classes:/Users/nkapasi/AppiumFramework/target/classes:/Users/nkapasi/.m2/repository/io/appium/java-client/7.4.1/java-client-7.4.1.jar:/Users/nkapasi/.m2/repository/org/seleniumhq/selenium/selenium-support/3.141.59/selenium-support-3.141.59.jar:/Users/nkapasi/.m2/repository/org/seleniumhq/selenium/selenium-api/3.141.59/selenium-api-3.141.59.jar:/Users/nkapasi/.m2/repository/com/google/code/gson/gson/2.8.6/gson-2.8.6.jar:/Users/nkapasi/.m2/repository/org/apache/httpcomponents/httpclient/4.5.13/httpclient-4.5.13.jar:/Users/nkapasi/.m2/repository/org/apache/httpcomponents/httpcore/4.4.13/httpcore-4.4.13.jar:/Users/nkapasi/.m2/repository/commons-codec/commons-codec/1.11/commons-codec-1.11.jar:/Users/nkapasi/.m2/repository/cglib/cglib/3.3.0/cglib-3.3.0.jar:/Users/nkapasi/.m2/repository/org/ow2/asm/asm/7.1/asm-7.1.jar:/Users/nkapasi/.m2/repository/org/springframework/spring-context/5.3.1/spring-context-5.3.1.jar:/Users/nkapasi/.m2/repository/org/springframework/spring-aop/5.3.1/spring-aop-5.3.1.jar:/Users/nkapasi/.m2/repository/org/springframework/spring-beans/5.3.1/spring-beans-5.3.1.jar:/Users/nkapasi/.m2/repository/org/springframework/spring-core/5.3.1/spring-core-5.3.1.jar:/Users/nkapasi/.m2/repository/org/springframework/spring-jcl/5.3.1/spring-jcl-5.3.1.jar:/Users/nkapasi/.m2/repository/org/springframework/spring-expression/5.3.1/spring-expression-5.3.1.jar:/Users/nkapasi/.m2/repository/org/aspectj/aspectjweaver/1.9.6/aspectjweaver-1.9.6.jar:/Users/nkapasi/.m2/repository/org/seleniumhq/selenium/selenium-java/3.141.59/selenium-java-3.141.59.jar:/Users/nkapasi/.m2/repository/org/seleniumhq/selenium/selenium-chrome-driver/3.141.59/selenium-chrome-driver-3.141.59.jar:/Users/nkapasi/.m2/repository/org/seleniumhq/selenium/selenium-edge-driver/3.141.59/selenium-edge-driver-3.141.59.jar:/Users/nkapasi/.m2/repository/org/seleniumhq/selenium/selenium-firefox-driver/3.141.59/selenium-firefox-driver-3.141.59.jar:/Users/nkapasi/.m2/repository/org/seleniumhq/selenium/selenium-ie-driver/3.141.59/selenium-ie-driver-3.141.59.jar:/Users/nkapasi/.m2/repository/org/seleniumhq/selenium/selenium-opera-driver/3.141.59/selenium-opera-driver-3.141.59.jar:/Users/nkapasi/.m2/repository/org/seleniumhq/selenium/selenium-remote-driver/3.141.59/selenium-remote-driver-3.141.59.jar:/Users/nkapasi/.m2/repository/org/seleniumhq/selenium/selenium-safari-driver/3.141.59/selenium-safari-driver-3.141.59.jar:/Users/nkapasi/.m2/repository/net/bytebuddy/byte-buddy/1.8.15/byte-buddy-1.8.15.jar:/Users/nkapasi/.m2/repository/org/apache/commons/commons-exec/1.3/commons-exec-1.3.jar:/Users/nkapasi/.m2/repository/com/google/guava/guava/25.0-jre/guava-25.0-jre.jar:/Users/nkapasi/.m2/repository/com/google/code/findbugs/jsr305/1.3.9/jsr305-1.3.9.jar:/Users/nkapasi/.m2/repository/org/checkerframework/checker-compat-qual/2.0.0/checker-compat-qual-2.0.0.jar:/Users/nkapasi/.m2/repository/com/google/errorprone/error_prone_annotations/2.1.3/error_prone_annotations-2.1.3.jar:/Users/nkapasi/.m2/repository/com/google/j2objc/j2objc-annotations/1.1/j2objc-annotations-1.1.jar:/Users/nkapasi/.m2/repository/org/codehaus/mojo/animal-sniffer-annotations/1.14/animal-sniffer-annotations-1.14.jar:/Users/nkapasi/.m2/repository/com/squareup/okhttp3/okhttp/3.11.0/okhttp-3.11.0.jar:/Users/nkapasi/.m2/repository/com/squareup/okio/okio/1.14.0/okio-1.14.0.jar:/Users/nkapasi/.m2/repository/org/testng/testng/7.3.0/testng-7.3.0.jar:/Users/nkapasi/.m2/repository/com/beust/jcommander/1.78/jcommander-1.78.jar:/Users/nkapasi/.m2/repository/org/apache/ant/ant/1.10.3/ant-1.10.3.jar:/Users/nkapasi/.m2/repository/org/apache/ant/ant-launcher/1.10.3/ant-launcher-1.10.3.jar:/Users/nkapasi/.m2/repository/junit/junit/4.12/junit-4.12.jar:/Users/nkapasi/.m2/repository/org/hamcrest/hamcrest-core/1.3/hamcrest-core-1.3.jar:/Users/nkapasi/.m2/repository/com/google/inject/guice/4.2.2/guice-4.2.2-no_aop.jar:/Users/nkapasi/.m2/repository/javax/inject/javax.inject/1/javax.inject-1.jar:/Users/nkapasi/.m2/repository/aopalliance/aopalliance/1.0/aopalliance-1.0.jar:/Users/nkapasi/.m2/repository/org/yaml/snakeyaml/1.21/snakeyaml-1.21.jar:/Users/nkapasi/.m2/repository/org/slf4j/slf4j-simple/1.8.0-beta4/slf4j-simple-1.8.0-beta4.jar:/Users/nkapasi/.m2/repository/org/slf4j/slf4j-api/1.7.30/slf4j-api-1.7.30.jar:/Users/nkapasi/.m2/repository/org/slf4j/slf4j-nop/1.7.25/slf4j-nop-1.7.25.jar:/Users/nkapasi/.m2/repository/org/apache/commons/commons-lang3/3.11/commons-lang3-3.11.jar:/Users/nkapasi/.m2/repository/commons-io/commons-io/2.8.0/commons-io-2.8.0.jar:/Users/nkapasi/.m2/repository/commons-validator/commons-validator/1.7/commons-validator-1.7.jar:/Users/nkapasi/.m2/repository/commons-beanutils/commons-beanutils/1.9.4/commons-beanutils-1.9.4.jar:/Users/nkapasi/.m2/repository/commons-digester/commons-digester/2.1/commons-digester-2.1.jar:/Users/nkapasi/.m2/repository/commons-collections/commons-collections/3.2.2/commons-collections-3.2.2.jar:/Users/nkapasi/.m2/repository/commons-logging/commons-logging/1.2/commons-logging-1.2.jar:/Users/nkapasi/.m2/repository/com/aventstack/extentreports/4.0.0/extentreports-4.0.0.jar:/Users/nkapasi/.m2/repository/org/freemarker/freemarker/2.3.23/freemarker-2.3.23.jar:/Users/nkapasi/.m2/repository/org/mongodb/mongodb-driver/3.3.0/mongodb-driver-3.3.0.jar:/Users/nkapasi/.m2/repository/org/mongodb/mongodb-driver-core/3.3.0/mongodb-driver-core-3.3.0.jar:/Users/nkapasi/.m2/repository/org/mongodb/bson/3.3.0/bson-3.3.0.jar:/Users/nkapasi/.m2/repository/org/apache/httpcomponents/httpmime/4.5.2/httpmime-4.5.2.jar:"/>
    <property name="sun.cpu.endian" value="little"/>
    <property name="user.home" value="/Users/nkapasi"/>
    <property name="user.language" value="en"/>
    <property name="java.specification.vendor" value="Oracle Corporation"/>
    <property name="java.home" value="/Library/Java/JavaVirtualMachines/jdk1.8.0_191.jdk/Contents/Home/jre"/>
    <property name="basedir" value="/Users/nkapasi/AppiumFramework"/>
    <property name="file.separator" value="/"/>
    <property name="line.separator" value="&#10;"/>
    <property name="java.vm.specification.vendor" value="Oracle Corporation"/>
    <property name="java.specification.name" value="Java Platform API Specification"/>
    <property name="java.awt.graphicsenv" value="sun.awt.CGraphicsEnvironment"/>
    <property name="surefire.real.class.path" value="/Users/nkapasi/AppiumFramework/target/surefire/surefirebooter7376461576935581323.jar"/>
    <property name="sun.boot.class.path" value="/Library/Java/JavaVirtualMachines/jdk1.8.0_191.jdk/Contents/Home/jre/lib/resources.jar:/Library/Java/JavaVirtualMachines/jdk1.8.0_191.jdk/Contents/Home/jre/lib/rt.jar:/Library/Java/JavaVirtualMachines/jdk1.8.0_191.jdk/Contents/Home/jre/lib/sunrsasign.jar:/Library/Java/JavaVirtualMachines/jdk1.8.0_191.jdk/Contents/Home/jre/lib/jsse.jar:/Library/Java/JavaVirtualMachines/jdk1.8.0_191.jdk/Contents/Home/jre/lib/jce.jar:/Library/Java/JavaVirtualMachines/jdk1.8.0_191.jdk/Contents/Home/jre/lib/charsets.jar:/Library/Java/JavaVirtualMachines/jdk1.8.0_191.jdk/Contents/Home/jre/lib/jfr.jar:/Library/Java/JavaVirtualMachines/jdk1.8.0_191.jdk/Contents/Home/jre/classes"/>
    <property name="sun.management.compiler" value="HotSpot 64-Bit Tiered Compilers"/>
    <property name="ftp.nonProxyHosts" value="local|*.local|169.254/16|*.169.254/16"/>
    <property name="java.runtime.version" value="1.8.0_191-b12"/>
    <property name="user.name" value="nkapasi"/>
    <property name="path.separator" value=":"/>
    <property name="os.version" value="10.15.7"/>
    <property name="java.endorsed.dirs" value="/Library/Java/JavaVirtualMachines/jdk1.8.0_191.jdk/Contents/Home/jre/lib/endorsed"/>
    <property name="java.runtime.name" value="Java(TM) SE Runtime Environment"/>
    <property name="file.encoding" value="UTF-8"/>
    <property name="java.vm.name" value="Java HotSpot(TM) 64-Bit Server VM"/>
    <property name="localRepository" value="/Users/nkapasi/.m2/repository"/>
    <property name="java.vendor.url.bug" value="http://bugreport.sun.com/bugreport/"/>
    <property name="java.io.tmpdir" value="/var/folders/rd/0b0nt16s37sbnt1jv0rncjdx1m1c2q/T/"/>
    <property name="java.version" value="1.8.0_191"/>
    <property name="user.dir" value="/Users/nkapasi/AppiumFramework"/>
    <property name="os.arch" value="x86_64"/>
    <property name="java.vm.specification.name" value="Java Virtual Machine Specification"/>
    <property name="java.awt.printerjob" value="sun.lwawt.macosx.CPrinterJob"/>
    <property name="sun.os.patch.level" value="unknown"/>
    <property name="java.library.path" value="/Users/nkapasi/Library/Java/Extensions:/Library/Java/Extensions:/Network/Library/Java/Extensions:/System/Library/Java/Extensions:/usr/lib/java:."/>
    <property name="java.vm.info" value="mixed mode"/>
    <property name="java.vendor" value="Oracle Corporation"/>
    <property name="java.vm.version" value="25.191-b12"/>
    <property name="java.ext.dirs" value="/Users/nkapasi/Library/Java/Extensions:/Library/Java/JavaVirtualMachines/jdk1.8.0_191.jdk/Contents/Home/jre/lib/ext:/Library/Java/Extensions:/Network/Library/Java/Extensions:/System/Library/Java/Extensions:/usr/lib/java"/>
    <property name="sun.io.unicode.encoding" value="UnicodeBig"/>
    <property name="java.class.version" value="52.0"/>
    <property name="socksNonProxyHosts" value="local|*.local|169.254/16|*.169.254/16"/>
  </properties>
  <testcase name="totalValidation" classname="practice.AppiumFramework.ecommerce_app_tc2" time="32.496">
    <system-out><![CDATA[select country please
Sum of items160.97
Total Value270.97
]]></system-out>
    <system-err><![CDATA[Feb 15, 2021 10:00:45 PM io.appium.java_client.remote.AppiumCommandExecutor$1 lambda$0
INFO: Detected dialect: W3C
]]></system-err>
  </testcase>
  <testcase name="apiDemo[hello](1)" classname="practice.AppiumFramework.APIDemo" time="22.747">
    <system-err><![CDATA[Feb 15, 2021 10:01:19 PM io.appium.java_client.remote.AppiumCommandExecutor$1 lambda$0
INFO: Detected dialect: W3C
]]></system-err>
  </testcase>
  <testcase name="apiDemo[&amp;^*^](2)" classname="practice.AppiumFramework.APIDemo" time="22.547">
    <system-err><![CDATA[Feb 15, 2021 10:01:42 PM io.appium.java_client.remote.AppiumCommandExecutor$1 lambda$0
INFO: Detected dialect: W3C
]]></system-err>
  </testcase>
</testsuite>