<?xml version="1.0" encoding="UTF-8"?>
<!-- Generated by org.testng.reporters.JUnitReportReporter -->
<testsuite skipped="0" hostname="Nisrin-Kapasiâ€™s-MacBook-Pro" name="practice.AppiumFramework.ecommerce_app_tc2" tests="1" failures="0" timestamp="2021-02-15T22:01:48 EST" time="32.495" errors="0">
  <testcase name="totalValidation" time="32.495" classname="practice.AppiumFramework.ecommerce_app_tc2"/>
  <system-out/>
</testsuite> <!-- practice.AppiumFramework.ecommerce_app_tc2 -->
